<?xml version="1.0" encoding="UTF-8"?>
<!-- Generated by org.testng.reporters.JUnitReportReporter -->
<testsuite skipped="0" hostname="Bakos" name="homework3.CRMTestNG" tests="2" failures="0" timestamp="2022-02-11T12:04:57 CST" time="18.723" errors="0">
  <testcase name="addContact" time="12.721" classname="homework3.CRMTestNG"/>
  <system-out/>
  <testcase name="loginTest" time="6.002" classname="homework3.CRMTestNG"/>
  <system-out/>
</testsuite> <!-- homework3.CRMTestNG -->
